{"level":"info","message":"Redis客户端连接成功","service":"notion-webhook","timestamp":"2025-05-27 11:24:54"}
{"level":"info","message":"Redis客户端就绪","service":"notion-webhook","timestamp":"2025-05-27 11:24:54"}
{"level":"info","message":"Redis连接初始化完成","service":"notion-webhook","timestamp":"2025-05-27 11:24:54"}
{"level":"info","message":"Redis连接成功","service":"notion-webhook","timestamp":"2025-05-27 11:24:54"}
{"env":"development","level":"info","message":"Webhook服务器启动成功","pid":84438,"port":3000,"service":"notion-webhook","timestamp":"2025-05-27 11:24:54"}
{"level":"info","message":"::1 - - [27/May/2025:03:25:01 +0000] \"GET /health HTTP/1.1\" 200 240 \"-\" \"curl/8.7.1\"","service":"notion-webhook","timestamp":"2025-05-27 11:25:01"}
{"level":"info","message":"::1 - - [27/May/2025:03:27:53 +0000] \"GET / HTTP/1.1\" 200 233 \"-\" \"Mozilla/5.0 (Macintosh; Intel Mac OS X 10_15_7) AppleWebKit/537.36 (KHTML, like Gecko) Chrome/136.0.0.0 Safari/537.36\"","service":"notion-webhook","timestamp":"2025-05-27 11:27:53"}
{"ip":"::1","level":"warn","message":"404请求","method":"GET","service":"notion-webhook","timestamp":"2025-05-27 11:27:53","url":"/favicon.ico","userAgent":"Mozilla/5.0 (Macintosh; Intel Mac OS X 10_15_7) AppleWebKit/537.36 (KHTML, like Gecko) Chrome/136.0.0.0 Safari/537.36"}
{"level":"info","message":"::1 - - [27/May/2025:03:27:53 +0000] \"GET /favicon.ico HTTP/1.1\" 404 110 \"-\" \"Mozilla/5.0 (Macintosh; Intel Mac OS X 10_15_7) AppleWebKit/537.36 (KHTML, like Gecko) Chrome/136.0.0.0 Safari/537.36\"","service":"notion-webhook","timestamp":"2025-05-27 11:27:53"}
{"level":"info","message":"Redis客户端连接成功","service":"notion-webhook","timestamp":"2025-05-27 13:37:47"}
{"level":"error","message":"Redis连接错误: ERR AUTH <password> called without any password configured for the default user. Are you sure your configuration is correct?","service":"notion-webhook","timestamp":"2025-05-27 13:37:47"}
{"level":"info","message":"Redis客户端连接成功","service":"notion-webhook","timestamp":"2025-05-27 13:37:47"}
{"level":"error","message":"Redis连接错误: ERR AUTH <password> called without any password configured for the default user. Are you sure your configuration is correct?","service":"notion-webhook","timestamp":"2025-05-27 13:37:47"}
{"level":"info","message":"Redis客户端连接成功","service":"notion-webhook","timestamp":"2025-05-27 13:37:47"}
{"level":"error","message":"Redis连接错误: ERR AUTH <password> called without any password configured for the default user. Are you sure your configuration is correct?","service":"notion-webhook","timestamp":"2025-05-27 13:37:47"}
{"level":"info","message":"Redis客户端连接成功","service":"notion-webhook","timestamp":"2025-05-27 13:37:47"}
{"level":"error","message":"Redis连接错误: ERR AUTH <password> called without any password configured for the default user. Are you sure your configuration is correct?","service":"notion-webhook","timestamp":"2025-05-27 13:37:47"}
{"level":"info","message":"Redis客户端连接成功","service":"notion-webhook","timestamp":"2025-05-27 13:37:47"}
{"level":"error","message":"Redis连接错误: ERR AUTH <password> called without any password configured for the default user. Are you sure your configuration is correct?","service":"notion-webhook","timestamp":"2025-05-27 13:37:47"}
{"level":"info","message":"Redis客户端连接成功","service":"notion-webhook","timestamp":"2025-05-27 13:37:48"}
{"level":"error","message":"Redis连接错误: ERR AUTH <password> called without any password configured for the default user. Are you sure your configuration is correct?","service":"notion-webhook","timestamp":"2025-05-27 13:37:48"}
{"level":"info","message":"Redis客户端连接成功","service":"notion-webhook","timestamp":"2025-05-27 13:37:48"}
{"level":"error","message":"Redis连接错误: ERR AUTH <password> called without any password configured for the default user. Are you sure your configuration is correct?","service":"notion-webhook","timestamp":"2025-05-27 13:37:48"}
{"level":"info","message":"Redis客户端连接成功","service":"notion-webhook","timestamp":"2025-05-27 13:37:48"}
{"level":"error","message":"Redis连接错误: ERR AUTH <password> called without any password configured for the default user. Are you sure your configuration is correct?","service":"notion-webhook","timestamp":"2025-05-27 13:37:48"}
{"level":"info","message":"Redis客户端连接成功","service":"notion-webhook","timestamp":"2025-05-27 13:37:48"}
{"level":"error","message":"Redis连接错误: ERR AUTH <password> called without any password configured for the default user. Are you sure your configuration is correct?","service":"notion-webhook","timestamp":"2025-05-27 13:37:48"}
{"level":"info","message":"Redis客户端连接成功","service":"notion-webhook","timestamp":"2025-05-27 13:37:49"}
{"level":"error","message":"Redis连接错误: ERR AUTH <password> called without any password configured for the default user. Are you sure your configuration is correct?","service":"notion-webhook","timestamp":"2025-05-27 13:37:49"}
{"level":"info","message":"Redis客户端连接成功","service":"notion-webhook","timestamp":"2025-05-27 13:37:49"}
{"level":"error","message":"Redis连接错误: ERR AUTH <password> called without any password configured for the default user. Are you sure your configuration is correct?","service":"notion-webhook","timestamp":"2025-05-27 13:37:49"}
{"level":"info","message":"Redis客户端连接成功","service":"notion-webhook","timestamp":"2025-05-27 13:37:50"}
{"level":"error","message":"Redis连接错误: ERR AUTH <password> called without any password configured for the default user. Are you sure your configuration is correct?","service":"notion-webhook","timestamp":"2025-05-27 13:37:50"}
{"level":"info","message":"Redis客户端连接成功","service":"notion-webhook","timestamp":"2025-05-27 13:37:50"}
{"level":"error","message":"Redis连接错误: ERR AUTH <password> called without any password configured for the default user. Are you sure your configuration is correct?","service":"notion-webhook","timestamp":"2025-05-27 13:37:50"}
{"level":"info","message":"Redis客户端连接成功","service":"notion-webhook","timestamp":"2025-05-27 13:37:51"}
{"level":"error","message":"Redis连接错误: ERR AUTH <password> called without any password configured for the default user. Are you sure your configuration is correct?","service":"notion-webhook","timestamp":"2025-05-27 13:37:51"}
{"level":"info","message":"Redis客户端连接成功","service":"notion-webhook","timestamp":"2025-05-27 13:37:51"}
{"level":"error","message":"Redis连接错误: ERR AUTH <password> called without any password configured for the default user. Are you sure your configuration is correct?","service":"notion-webhook","timestamp":"2025-05-27 13:37:51"}
{"level":"info","message":"Redis客户端连接成功","service":"notion-webhook","timestamp":"2025-05-27 13:37:52"}
{"level":"error","message":"Redis连接错误: ERR AUTH <password> called without any password configured for the default user. Are you sure your configuration is correct?","service":"notion-webhook","timestamp":"2025-05-27 13:37:52"}
{"level":"info","message":"Redis客户端连接成功","service":"notion-webhook","timestamp":"2025-05-27 13:37:52"}
{"level":"error","message":"Redis连接错误: ERR AUTH <password> called without any password configured for the default user. Are you sure your configuration is correct?","service":"notion-webhook","timestamp":"2025-05-27 13:37:52"}
{"level":"info","message":"Redis客户端连接成功","service":"notion-webhook","timestamp":"2025-05-27 13:37:53"}
{"level":"error","message":"Redis连接错误: ERR AUTH <password> called without any password configured for the default user. Are you sure your configuration is correct?","service":"notion-webhook","timestamp":"2025-05-27 13:37:53"}
{"level":"info","message":"Redis客户端连接成功","service":"notion-webhook","timestamp":"2025-05-27 13:37:53"}
{"level":"error","message":"Redis连接错误: ERR AUTH <password> called without any password configured for the default user. Are you sure your configuration is correct?","service":"notion-webhook","timestamp":"2025-05-27 13:37:53"}
{"level":"info","message":"Redis客户端连接成功","service":"notion-webhook","timestamp":"2025-05-27 13:37:54"}
{"level":"error","message":"Redis连接错误: ERR AUTH <password> called without any password configured for the default user. Are you sure your configuration is correct?","service":"notion-webhook","timestamp":"2025-05-27 13:37:54"}
{"level":"info","message":"Redis客户端连接成功","service":"notion-webhook","timestamp":"2025-05-27 13:37:54"}
{"level":"error","message":"Redis连接错误: ERR AUTH <password> called without any password configured for the default user. Are you sure your configuration is correct?","service":"notion-webhook","timestamp":"2025-05-27 13:37:54"}
{"level":"info","message":"Redis客户端连接成功","service":"notion-webhook","timestamp":"2025-05-27 13:37:55"}
{"level":"error","message":"Redis连接错误: ERR AUTH <password> called without any password configured for the default user. Are you sure your configuration is correct?","service":"notion-webhook","timestamp":"2025-05-27 13:37:55"}
{"level":"info","message":"Redis客户端连接成功","service":"notion-webhook","timestamp":"2025-05-27 13:37:55"}
{"level":"error","message":"Redis连接错误: ERR AUTH <password> called without any password configured for the default user. Are you sure your configuration is correct?","service":"notion-webhook","timestamp":"2025-05-27 13:37:55"}
{"level":"info","message":"Redis客户端连接成功","service":"notion-webhook","timestamp":"2025-05-27 13:37:56"}
{"level":"error","message":"Redis连接错误: ERR AUTH <password> called without any password configured for the default user. Are you sure your configuration is correct?","service":"notion-webhook","timestamp":"2025-05-27 13:37:56"}
{"level":"info","message":"Redis客户端连接成功","service":"notion-webhook","timestamp":"2025-05-27 13:37:56"}
{"level":"error","message":"Redis连接错误: ERR AUTH <password> called without any password configured for the default user. Are you sure your configuration is correct?","service":"notion-webhook","timestamp":"2025-05-27 13:37:56"}
{"level":"info","message":"Redis客户端连接成功","service":"notion-webhook","timestamp":"2025-05-27 13:37:57"}
{"level":"error","message":"Redis连接错误: ERR AUTH <password> called without any password configured for the default user. Are you sure your configuration is correct?","service":"notion-webhook","timestamp":"2025-05-27 13:37:57"}
{"level":"info","message":"Redis客户端连接成功","service":"notion-webhook","timestamp":"2025-05-27 13:37:57"}
{"level":"error","message":"Redis连接错误: ERR AUTH <password> called without any password configured for the default user. Are you sure your configuration is correct?","service":"notion-webhook","timestamp":"2025-05-27 13:37:57"}
{"level":"info","message":"Redis客户端连接成功","service":"notion-webhook","timestamp":"2025-05-27 13:37:58"}
{"level":"error","message":"Redis连接错误: ERR AUTH <password> called without any password configured for the default user. Are you sure your configuration is correct?","service":"notion-webhook","timestamp":"2025-05-27 13:37:58"}
{"level":"info","message":"Redis客户端连接成功","service":"notion-webhook","timestamp":"2025-05-27 13:37:58"}
{"level":"error","message":"Redis连接错误: ERR AUTH <password> called without any password configured for the default user. Are you sure your configuration is correct?","service":"notion-webhook","timestamp":"2025-05-27 13:37:58"}
{"level":"info","message":"Redis客户端连接成功","service":"notion-webhook","timestamp":"2025-05-27 13:37:59"}
{"level":"error","message":"Redis连接错误: ERR AUTH <password> called without any password configured for the default user. Are you sure your configuration is correct?","service":"notion-webhook","timestamp":"2025-05-27 13:37:59"}
{"level":"info","message":"Redis客户端连接成功","service":"notion-webhook","timestamp":"2025-05-27 13:37:59"}
{"level":"error","message":"Redis连接错误: ERR AUTH <password> called without any password configured for the default user. Are you sure your configuration is correct?","service":"notion-webhook","timestamp":"2025-05-27 13:37:59"}
{"level":"info","message":"Redis客户端连接成功","service":"notion-webhook","timestamp":"2025-05-27 13:38:00"}
{"level":"error","message":"Redis连接错误: ERR AUTH <password> called without any password configured for the default user. Are you sure your configuration is correct?","service":"notion-webhook","timestamp":"2025-05-27 13:38:00"}
{"level":"info","message":"Redis客户端连接成功","service":"notion-webhook","timestamp":"2025-05-27 13:38:00"}
{"level":"error","message":"Redis连接错误: ERR AUTH <password> called without any password configured for the default user. Are you sure your configuration is correct?","service":"notion-webhook","timestamp":"2025-05-27 13:38:00"}
{"level":"info","message":"Redis客户端连接成功","service":"notion-webhook","timestamp":"2025-05-27 13:38:01"}
{"level":"error","message":"Redis连接错误: ERR AUTH <password> called without any password configured for the default user. Are you sure your configuration is correct?","service":"notion-webhook","timestamp":"2025-05-27 13:38:01"}
{"level":"info","message":"Redis客户端连接成功","service":"notion-webhook","timestamp":"2025-05-27 13:38:01"}
{"level":"error","message":"Redis连接错误: ERR AUTH <password> called without any password configured for the default user. Are you sure your configuration is correct?","service":"notion-webhook","timestamp":"2025-05-27 13:38:01"}
{"level":"info","message":"Redis客户端连接成功","service":"notion-webhook","timestamp":"2025-05-27 13:38:02"}
{"level":"error","message":"Redis连接错误: ERR AUTH <password> called without any password configured for the default user. Are you sure your configuration is correct?","service":"notion-webhook","timestamp":"2025-05-27 13:38:02"}
{"level":"info","message":"Redis客户端连接成功","service":"notion-webhook","timestamp":"2025-05-27 13:38:02"}
{"level":"error","message":"Redis连接错误: ERR AUTH <password> called without any password configured for the default user. Are you sure your configuration is correct?","service":"notion-webhook","timestamp":"2025-05-27 13:38:02"}
{"level":"info","message":"Redis客户端连接成功","service":"notion-webhook","timestamp":"2025-05-27 13:38:03"}
{"level":"error","message":"Redis连接错误: ERR AUTH <password> called without any password configured for the default user. Are you sure your configuration is correct?","service":"notion-webhook","timestamp":"2025-05-27 13:38:03"}
{"level":"info","message":"Redis客户端连接成功","service":"notion-webhook","timestamp":"2025-05-27 13:38:03"}
{"level":"error","message":"Redis连接错误: ERR AUTH <password> called without any password configured for the default user. Are you sure your configuration is correct?","service":"notion-webhook","timestamp":"2025-05-27 13:38:03"}
{"level":"info","message":"Redis客户端连接成功","service":"notion-webhook","timestamp":"2025-05-27 13:38:04"}
{"level":"error","message":"Redis连接错误: ERR AUTH <password> called without any password configured for the default user. Are you sure your configuration is correct?","service":"notion-webhook","timestamp":"2025-05-27 13:38:04"}
{"level":"info","message":"Redis客户端连接成功","service":"notion-webhook","timestamp":"2025-05-27 13:38:04"}
{"level":"error","message":"Redis连接错误: ERR AUTH <password> called without any password configured for the default user. Are you sure your configuration is correct?","service":"notion-webhook","timestamp":"2025-05-27 13:38:04"}
{"level":"info","message":"Redis客户端连接成功","service":"notion-webhook","timestamp":"2025-05-27 13:38:05"}
{"level":"error","message":"Redis连接错误: ERR AUTH <password> called without any password configured for the default user. Are you sure your configuration is correct?","service":"notion-webhook","timestamp":"2025-05-27 13:38:05"}
{"level":"info","message":"Redis客户端连接成功","service":"notion-webhook","timestamp":"2025-05-27 13:38:05"}
{"level":"error","message":"Redis连接错误: ERR AUTH <password> called without any password configured for the default user. Are you sure your configuration is correct?","service":"notion-webhook","timestamp":"2025-05-27 13:38:05"}
{"level":"info","message":"Redis客户端连接成功","service":"notion-webhook","timestamp":"2025-05-27 13:38:06"}
{"level":"error","message":"Redis连接错误: ERR AUTH <password> called without any password configured for the default user. Are you sure your configuration is correct?","service":"notion-webhook","timestamp":"2025-05-27 13:38:06"}
{"level":"info","message":"Redis客户端连接成功","service":"notion-webhook","timestamp":"2025-05-27 13:38:06"}
{"level":"error","message":"Redis连接错误: ERR AUTH <password> called without any password configured for the default user. Are you sure your configuration is correct?","service":"notion-webhook","timestamp":"2025-05-27 13:38:06"}
{"level":"info","message":"Redis客户端连接成功","service":"notion-webhook","timestamp":"2025-05-27 13:38:07"}
{"level":"error","message":"Redis连接错误: ERR AUTH <password> called without any password configured for the default user. Are you sure your configuration is correct?","service":"notion-webhook","timestamp":"2025-05-27 13:38:07"}
{"level":"info","message":"Redis客户端连接成功","service":"notion-webhook","timestamp":"2025-05-27 13:38:07"}
{"level":"error","message":"Redis连接错误: ERR AUTH <password> called without any password configured for the default user. Are you sure your configuration is correct?","service":"notion-webhook","timestamp":"2025-05-27 13:38:07"}
{"level":"info","message":"Redis客户端连接成功","service":"notion-webhook","timestamp":"2025-05-27 13:38:08"}
{"level":"error","message":"Redis连接错误: ERR AUTH <password> called without any password configured for the default user. Are you sure your configuration is correct?","service":"notion-webhook","timestamp":"2025-05-27 13:38:08"}
{"level":"info","message":"Redis客户端连接成功","service":"notion-webhook","timestamp":"2025-05-27 13:38:08"}
{"level":"error","message":"Redis连接错误: ERR AUTH <password> called without any password configured for the default user. Are you sure your configuration is correct?","service":"notion-webhook","timestamp":"2025-05-27 13:38:09"}
{"level":"info","message":"Redis客户端连接成功","service":"notion-webhook","timestamp":"2025-05-27 13:38:09"}
{"level":"error","message":"Redis连接错误: ERR AUTH <password> called without any password configured for the default user. Are you sure your configuration is correct?","service":"notion-webhook","timestamp":"2025-05-27 13:38:09"}
{"level":"info","message":"Redis客户端连接成功","service":"notion-webhook","timestamp":"2025-05-27 13:38:10"}
{"level":"error","message":"Redis连接错误: ERR AUTH <password> called without any password configured for the default user. Are you sure your configuration is correct?","service":"notion-webhook","timestamp":"2025-05-27 13:38:10"}
{"level":"info","message":"Redis客户端连接成功","service":"notion-webhook","timestamp":"2025-05-27 13:38:10"}
{"level":"error","message":"Redis连接错误: ERR AUTH <password> called without any password configured for the default user. Are you sure your configuration is correct?","service":"notion-webhook","timestamp":"2025-05-27 13:38:10"}
{"level":"info","message":"::1 - - [27/May/2025:05:38:10 +0000] \"GET / HTTP/1.1\" 200 233 \"-\" \"Mozilla/5.0 (Macintosh; Intel Mac OS X 10_15_7) AppleWebKit/537.36 (KHTML, like Gecko) Chrome/136.0.0.0 Safari/537.36\"","service":"notion-webhook","timestamp":"2025-05-27 13:38:10"}
{"level":"info","message":"Redis客户端连接成功","service":"notion-webhook","timestamp":"2025-05-27 13:38:11"}
{"level":"error","message":"Redis连接错误: ERR AUTH <password> called without any password configured for the default user. Are you sure your configuration is correct?","service":"notion-webhook","timestamp":"2025-05-27 13:38:11"}
{"ip":"::1","level":"warn","message":"404请求","method":"GET","service":"notion-webhook","timestamp":"2025-05-27 13:38:11","url":"/favicon.ico","userAgent":"Mozilla/5.0 (Macintosh; Intel Mac OS X 10_15_7) AppleWebKit/537.36 (KHTML, like Gecko) Chrome/136.0.0.0 Safari/537.36"}
{"level":"info","message":"::1 - - [27/May/2025:05:38:11 +0000] \"GET /favicon.ico HTTP/1.1\" 404 110 \"-\" \"Mozilla/5.0 (Macintosh; Intel Mac OS X 10_15_7) AppleWebKit/537.36 (KHTML, like Gecko) Chrome/136.0.0.0 Safari/537.36\"","service":"notion-webhook","timestamp":"2025-05-27 13:38:11"}
{"level":"info","message":"Redis客户端连接成功","service":"notion-webhook","timestamp":"2025-05-27 13:38:11"}
{"level":"error","message":"Redis连接错误: ERR AUTH <password> called without any password configured for the default user. Are you sure your configuration is correct?","service":"notion-webhook","timestamp":"2025-05-27 13:38:11"}
{"level":"info","message":"Redis客户端连接成功","service":"notion-webhook","timestamp":"2025-05-27 13:38:12"}
{"level":"error","message":"Redis连接错误: ERR AUTH <password> called without any password configured for the default user. Are you sure your configuration is correct?","service":"notion-webhook","timestamp":"2025-05-27 13:38:12"}
{"level":"info","message":"Redis客户端连接成功","service":"notion-webhook","timestamp":"2025-05-27 13:38:12"}
{"level":"error","message":"Redis连接错误: ERR AUTH <password> called without any password configured for the default user. Are you sure your configuration is correct?","service":"notion-webhook","timestamp":"2025-05-27 13:38:12"}
{"level":"info","message":"Redis客户端连接成功","service":"notion-webhook","timestamp":"2025-05-27 13:38:13"}
{"level":"error","message":"Redis连接错误: ERR AUTH <password> called without any password configured for the default user. Are you sure your configuration is correct?","service":"notion-webhook","timestamp":"2025-05-27 13:38:13"}
{"level":"info","message":"Redis客户端连接成功","service":"notion-webhook","timestamp":"2025-05-27 13:38:13"}
{"level":"error","message":"Redis连接错误: ERR AUTH <password> called without any password configured for the default user. Are you sure your configuration is correct?","service":"notion-webhook","timestamp":"2025-05-27 13:38:13"}
{"level":"info","message":"Redis客户端连接成功","service":"notion-webhook","timestamp":"2025-05-27 13:38:14"}
{"level":"error","message":"Redis连接错误: ERR AUTH <password> called without any password configured for the default user. Are you sure your configuration is correct?","service":"notion-webhook","timestamp":"2025-05-27 13:38:14"}
{"level":"info","message":"Redis客户端连接成功","service":"notion-webhook","timestamp":"2025-05-27 13:38:14"}
{"level":"error","message":"Redis连接错误: ERR AUTH <password> called without any password configured for the default user. Are you sure your configuration is correct?","service":"notion-webhook","timestamp":"2025-05-27 13:38:14"}
{"level":"info","message":"Redis客户端连接成功","service":"notion-webhook","timestamp":"2025-05-27 13:38:15"}
{"level":"error","message":"Redis连接错误: ERR AUTH <password> called without any password configured for the default user. Are you sure your configuration is correct?","service":"notion-webhook","timestamp":"2025-05-27 13:38:15"}
{"level":"info","message":"Redis客户端连接成功","service":"notion-webhook","timestamp":"2025-05-27 13:38:15"}
{"level":"error","message":"Redis连接错误: ERR AUTH <password> called without any password configured for the default user. Are you sure your configuration is correct?","service":"notion-webhook","timestamp":"2025-05-27 13:38:15"}
{"level":"info","message":"Redis客户端连接成功","service":"notion-webhook","timestamp":"2025-05-27 13:38:16"}
{"level":"error","message":"Redis连接错误: ERR AUTH <password> called without any password configured for the default user. Are you sure your configuration is correct?","service":"notion-webhook","timestamp":"2025-05-27 13:38:16"}
{"level":"info","message":"Redis客户端连接成功","service":"notion-webhook","timestamp":"2025-05-27 13:38:16"}
{"level":"error","message":"Redis连接错误: ERR AUTH <password> called without any password configured for the default user. Are you sure your configuration is correct?","service":"notion-webhook","timestamp":"2025-05-27 13:38:16"}
{"level":"info","message":"Redis客户端连接成功","service":"notion-webhook","timestamp":"2025-05-27 13:38:17"}
{"level":"error","message":"Redis连接错误: ERR AUTH <password> called without any password configured for the default user. Are you sure your configuration is correct?","service":"notion-webhook","timestamp":"2025-05-27 13:38:17"}
{"level":"info","message":"Redis客户端连接成功","service":"notion-webhook","timestamp":"2025-05-27 13:38:17"}
{"level":"error","message":"Redis连接错误: ERR AUTH <password> called without any password configured for the default user. Are you sure your configuration is correct?","service":"notion-webhook","timestamp":"2025-05-27 13:38:17"}
{"level":"info","message":"Redis客户端连接成功","service":"notion-webhook","timestamp":"2025-05-27 13:38:18"}
{"level":"error","message":"Redis连接错误: ERR AUTH <password> called without any password configured for the default user. Are you sure your configuration is correct?","service":"notion-webhook","timestamp":"2025-05-27 13:38:18"}
{"level":"info","message":"Redis客户端连接成功","service":"notion-webhook","timestamp":"2025-05-27 13:38:18"}
{"level":"error","message":"Redis连接错误: ERR AUTH <password> called without any password configured for the default user. Are you sure your configuration is correct?","service":"notion-webhook","timestamp":"2025-05-27 13:38:18"}
{"level":"info","message":"Redis客户端连接成功","service":"notion-webhook","timestamp":"2025-05-27 13:38:19"}
{"level":"error","message":"Redis连接错误: ERR AUTH <password> called without any password configured for the default user. Are you sure your configuration is correct?","service":"notion-webhook","timestamp":"2025-05-27 13:38:19"}
{"level":"info","message":"Redis客户端连接成功","service":"notion-webhook","timestamp":"2025-05-27 13:38:19"}
{"level":"error","message":"Redis连接错误: ERR AUTH <password> called without any password configured for the default user. Are you sure your configuration is correct?","service":"notion-webhook","timestamp":"2025-05-27 13:38:19"}
{"level":"info","message":"Redis客户端连接成功","service":"notion-webhook","timestamp":"2025-05-27 13:38:20"}
{"level":"error","message":"Redis连接错误: ERR AUTH <password> called without any password configured for the default user. Are you sure your configuration is correct?","service":"notion-webhook","timestamp":"2025-05-27 13:38:20"}
{"level":"info","message":"Redis客户端连接成功","service":"notion-webhook","timestamp":"2025-05-27 13:38:20"}
{"level":"error","message":"Redis连接错误: ERR AUTH <password> called without any password configured for the default user. Are you sure your configuration is correct?","service":"notion-webhook","timestamp":"2025-05-27 13:38:20"}
{"level":"info","message":"Redis客户端连接成功","service":"notion-webhook","timestamp":"2025-05-27 13:38:21"}
{"level":"error","message":"Redis连接错误: ERR AUTH <password> called without any password configured for the default user. Are you sure your configuration is correct?","service":"notion-webhook","timestamp":"2025-05-27 13:38:21"}
{"level":"info","message":"Redis客户端连接成功","service":"notion-webhook","timestamp":"2025-05-27 13:38:21"}
{"level":"error","message":"Redis连接错误: ERR AUTH <password> called without any password configured for the default user. Are you sure your configuration is correct?","service":"notion-webhook","timestamp":"2025-05-27 13:38:21"}
{"level":"info","message":"Redis客户端连接成功","service":"notion-webhook","timestamp":"2025-05-27 13:38:22"}
{"level":"error","message":"Redis连接错误: ERR AUTH <password> called without any password configured for the default user. Are you sure your configuration is correct?","service":"notion-webhook","timestamp":"2025-05-27 13:38:22"}
{"level":"info","message":"Redis客户端连接成功","service":"notion-webhook","timestamp":"2025-05-27 13:38:22"}
{"level":"error","message":"Redis连接错误: ERR AUTH <password> called without any password configured for the default user. Are you sure your configuration is correct?","service":"notion-webhook","timestamp":"2025-05-27 13:38:22"}
{"level":"info","message":"Redis客户端连接成功","service":"notion-webhook","timestamp":"2025-05-27 13:38:23"}
{"level":"error","message":"Redis连接错误: ERR AUTH <password> called without any password configured for the default user. Are you sure your configuration is correct?","service":"notion-webhook","timestamp":"2025-05-27 13:38:23"}
{"level":"info","message":"Redis客户端连接成功","service":"notion-webhook","timestamp":"2025-05-27 13:38:23"}
{"level":"error","message":"Redis连接错误: ERR AUTH <password> called without any password configured for the default user. Are you sure your configuration is correct?","service":"notion-webhook","timestamp":"2025-05-27 13:38:23"}
{"level":"info","message":"Redis客户端连接成功","service":"notion-webhook","timestamp":"2025-05-27 13:38:24"}
{"level":"error","message":"Redis连接错误: ERR AUTH <password> called without any password configured for the default user. Are you sure your configuration is correct?","service":"notion-webhook","timestamp":"2025-05-27 13:38:24"}
{"level":"info","message":"Redis客户端连接成功","service":"notion-webhook","timestamp":"2025-05-27 13:38:24"}
{"level":"error","message":"Redis连接错误: ERR AUTH <password> called without any password configured for the default user. Are you sure your configuration is correct?","service":"notion-webhook","timestamp":"2025-05-27 13:38:24"}
{"level":"info","message":"Redis客户端连接成功","service":"notion-webhook","timestamp":"2025-05-27 13:38:25"}
{"level":"error","message":"Redis连接错误: ERR AUTH <password> called without any password configured for the default user. Are you sure your configuration is correct?","service":"notion-webhook","timestamp":"2025-05-27 13:38:25"}
{"level":"info","message":"Redis客户端连接成功","service":"notion-webhook","timestamp":"2025-05-27 13:38:25"}
{"level":"error","message":"Redis连接错误: ERR AUTH <password> called without any password configured for the default user. Are you sure your configuration is correct?","service":"notion-webhook","timestamp":"2025-05-27 13:38:25"}
{"level":"info","message":"Redis客户端连接成功","service":"notion-webhook","timestamp":"2025-05-27 13:38:26"}
{"level":"error","message":"Redis连接错误: ERR AUTH <password> called without any password configured for the default user. Are you sure your configuration is correct?","service":"notion-webhook","timestamp":"2025-05-27 13:38:26"}
{"level":"info","message":"Redis客户端连接成功","service":"notion-webhook","timestamp":"2025-05-27 13:38:26"}
{"level":"error","message":"Redis连接错误: ERR AUTH <password> called without any password configured for the default user. Are you sure your configuration is correct?","service":"notion-webhook","timestamp":"2025-05-27 13:38:26"}
{"level":"info","message":"Redis客户端连接成功","service":"notion-webhook","timestamp":"2025-05-27 13:38:27"}
{"level":"error","message":"Redis连接错误: ERR AUTH <password> called without any password configured for the default user. Are you sure your configuration is correct?","service":"notion-webhook","timestamp":"2025-05-27 13:38:27"}
{"level":"info","message":"Redis客户端连接成功","service":"notion-webhook","timestamp":"2025-05-27 13:38:27"}
{"level":"error","message":"Redis连接错误: ERR AUTH <password> called without any password configured for the default user. Are you sure your configuration is correct?","service":"notion-webhook","timestamp":"2025-05-27 13:38:27"}
{"level":"info","message":"Redis客户端连接成功","service":"notion-webhook","timestamp":"2025-05-27 13:38:28"}
{"level":"error","message":"Redis连接错误: ERR AUTH <password> called without any password configured for the default user. Are you sure your configuration is correct?","service":"notion-webhook","timestamp":"2025-05-27 13:38:28"}
{"level":"info","message":"Redis客户端连接成功","service":"notion-webhook","timestamp":"2025-05-27 13:38:28"}
{"level":"error","message":"Redis连接错误: ERR AUTH <password> called without any password configured for the default user. Are you sure your configuration is correct?","service":"notion-webhook","timestamp":"2025-05-27 13:38:28"}
{"level":"info","message":"Redis客户端连接成功","service":"notion-webhook","timestamp":"2025-05-27 13:38:29"}
{"level":"info","message":"收到 SIGINT 信号，开始优雅关闭...","service":"notion-webhook","timestamp":"2025-05-27 13:38:29"}
{"level":"info","message":"::1 - - [27/May/2025:05:38:32 +0000] \"GET / HTTP/1.1\" 200 233 \"-\" \"Mozilla/5.0 (Macintosh; Intel Mac OS X 10_15_7) AppleWebKit/537.36 (KHTML, like Gecko) Chrome/136.0.0.0 Safari/537.36\"","service":"notion-webhook","timestamp":"2025-05-27 13:38:32"}
{"level":"info","message":"::1 - - [27/May/2025:05:38:32 +0000] \"GET / HTTP/1.1\" 200 233 \"-\" \"Mozilla/5.0 (Macintosh; Intel Mac OS X 10_15_7) AppleWebKit/537.36 (KHTML, like Gecko) Chrome/136.0.0.0 Safari/537.36\"","service":"notion-webhook","timestamp":"2025-05-27 13:38:32"}
{"level":"info","message":"::1 - - [27/May/2025:05:38:35 +0000] \"GET / HTTP/1.1\" 200 233 \"-\" \"Mozilla/5.0 (Macintosh; Intel Mac OS X 10_15_7) AppleWebKit/537.36 (KHTML, like Gecko) Chrome/136.0.0.0 Safari/537.36\"","service":"notion-webhook","timestamp":"2025-05-27 13:38:35"}
